
> stats@0.1.0 dev
> next dev

  ▲ Next.js 14.2.35
  - Local:        http://localhost:3000

 ✓ Starting...
Attention: Next.js now collects completely anonymous telemetry regarding usage.
This information is used to shape Next.js' roadmap and prioritize features.
You can learn more, including how to opt-out if you'd not like to participate in this anonymous program, by visiting the following URL:
https://nextjs.org/telemetry

 ✓ Ready in 1898ms
 ○ Compiling /api/stats ...
 ✓ Compiled /api/stats in 549ms (56 modules)
 GET /api/stats?username=DarkShadow1107&theme=tokyonight 200 in 3398ms
 ✓ Compiled in 246ms (56 modules)
Extracted Rank: A+
Rank Percentage: 95
 GET /api/stats?username=DarkShadow1107&theme=tokyonight 200 in 324ms
 ✓ Compiled in 20ms
 ○ Compiling / ...
 ✓ Compiled / in 9.7s (958 modules)
 GET / 200 in 11442ms
 ○ Compiling /api/stats ...
 ✓ Compiled /api/stats in 9s (968 modules)
 GET /api/stats?username=DarkShadow1107&theme=tokyonight&show_icons=true&hide_border=true&count_private=true 200 in 7709ms
